<?xml version="1.0" encoding="UTF-8"?>
<!-- Generated by org.testng.reporters.JUnitXMLReporter -->
<testsuite hostname="DESKTOP-GDVE49C" ignored="2" name="Chrome Test" tests="8" failures="0" timestamp="08 Jun 2020 05:58:48 GMT" time="14.309" errors="0">
  <testcase name="assertParametersTest" time="2.017" classname="testng.ParametersAndDataProviderExample"/>
  <testcase name="assertExternalDataProviderTest" time="2.038" classname="testng.ParametersAndDataProviderExample"/>
  <testcase name="assertExternalDataProviderTest" time="2.022" classname="testng.ParametersAndDataProviderExample"/>
  <testcase name="assertExternalDataProviderTest" time="2.019" classname="testng.ParametersAndDataProviderExample"/>
  <testcase name="assertExternalDataProviderTest" time="2.026" classname="testng.ParametersAndDataProviderExample"/>
  <testcase name="assertExternalDataProviderTest" time="2.021" classname="testng.ParametersAndDataProviderExample"/>
  <testcase name="assertExternalDataProviderTest" time="2.011" classname="testng.ParametersAndDataProviderExample"/>
  <testcase name="assertExternalDataProviderTest" time="2.017" classname="testng.ParametersAndDataProviderExample"/>
  <testcase name="assertDataProviderWithoutustomNameTest" time="0.0" classname="testng.ParametersAndDataProviderExample">
    <ignored/>
  </testcase> <!-- assertDataProviderWithoutustomNameTest -->
  <testcase name="assertDataProviderWithCustomNameTest" time="0.0" classname="testng.ParametersAndDataProviderExample">
    <ignored/>
  </testcase> <!-- assertDataProviderWithCustomNameTest -->
</testsuite> <!-- Chrome Test -->
