<?xml version="1.0" encoding="UTF-8"?>
<!-- Generated by org.testng.reporters.JUnitXMLReporter -->
<testsuite hostname="DESKTOP-GDVE49C" ignored="3" name="Default test" tests="7" failures="0" timestamp="06 Jun 2020 11:57:42 GMT" time="2.148" errors="0">
  <testcase name="assertExternalDataProviderTest" time="2.038" classname="testng.ParametersAndDataProviderExample"/>
  <testcase name="assertExternalDataProviderTest" time="2.038" classname="testng.ParametersAndDataProviderExample"/>
  <testcase name="assertExternalDataProviderTest" time="2.038" classname="testng.ParametersAndDataProviderExample"/>
  <testcase name="assertExternalDataProviderTest" time="2.038" classname="testng.ParametersAndDataProviderExample"/>
  <testcase name="assertExternalDataProviderTest" time="2.048" classname="testng.ParametersAndDataProviderExample"/>
  <testcase name="assertExternalDataProviderTest" time="2.048" classname="testng.ParametersAndDataProviderExample"/>
  <testcase name="assertExternalDataProviderTest" time="2.068" classname="testng.ParametersAndDataProviderExample"/>
  <testcase name="assertParametersTest" time="0.0" classname="testng.ParametersAndDataProviderExample">
    <ignored/>
  </testcase> <!-- assertParametersTest -->
  <testcase name="assertDataProviderWithoutustomNameTest" time="0.0" classname="testng.ParametersAndDataProviderExample">
    <ignored/>
  </testcase> <!-- assertDataProviderWithoutustomNameTest -->
  <testcase name="assertDataProviderWithCustomNameTest" time="0.0" classname="testng.ParametersAndDataProviderExample">
    <ignored/>
  </testcase> <!-- assertDataProviderWithCustomNameTest -->
</testsuite> <!-- Default test -->
