<?xml version="1.0" encoding="UTF-8"?>
<!-- Generated by org.testng.reporters.JUnitXMLReporter -->
<testsuite hostname="DESKTOP-GDVE49C" ignored="0" name="Default test" tests="3" failures="0" timestamp="04 Jun 2020 07:09:14 GMT" time="0.178" errors="0">
  <testcase name="testMethodOne" time="0.043" classname="testng.AnnotationsExample"/>
  <testcase name="testMethodThree" time="0.018" classname="testng.AnnotationsExample"/>
  <testcase name="testMethodTwo" time="0.007" classname="testng.AnnotationsExample"/>
</testsuite> <!-- Default test -->
