<?xml version="1.0" encoding="UTF-8"?>
<!-- Generated by org.testng.reporters.JUnitXMLReporter -->
<testsuite hostname="DESKTOP-GDVE49C" ignored="10" name="Groups Example" tests="3" failures="2" timestamp="05 Jun 2020 06:44:28 GMT" time="0.123" errors="0">
  <testcase name="assertLoginTest" time="0.0" classname="testng.TestAttributesExample">
    <failure type="org.testng.TestNGException" message="
Cannot inject @Test annotated Method [assertLoginTest] with [class java.lang.String, class java.lang.String].
For more information on native dependency injection please refer to http://testng.org/doc/documentation-main.html#native-dependency-injection">
      <![CDATA[org.testng.TestNGException: 
Cannot inject @Test annotated Method [assertLoginTest] with [class java.lang.String, class java.lang.String].
For more information on native dependency injection please refer to http://testng.org/doc/documentation-main.html#native-dependency-injection
... Removed 24 stack frames]]>
    </failure>
  </testcase> <!-- assertLoginTest -->
  <testcase name="assertOtherAccountTransferMoneyTest" time="0.024" classname="testng.TestAttributesExample">
    <failure type="java.lang.AssertionError" message="null">
      <![CDATA[java.lang.AssertionError: null
	at testng.TestAttributesExample.assertOtherAccountTransferMoneyTest(TestAttributesExample.java:54)
... Removed 27 stack frames]]>
    </failure>
  </testcase> <!-- assertOtherAccountTransferMoneyTest -->
  <testcase name="assertSelfAccountTransferMoneyTest" time="0.004" classname="testng.TestAttributesExample"/>
  <testcase name="assertMultiplicationTest" time="0.0" classname="testng.CalculatorTestNgTest">
    <ignored/>
  </testcase> <!-- assertMultiplicationTest -->
  <testcase name="assertTestE" time="0.0" classname="testng.TestAttributesExample">
    <ignored/>
  </testcase> <!-- assertTestE -->
  <testcase name="assertTestB" time="0.0" classname="testng.TestAttributesExample">
    <ignored/>
  </testcase> <!-- assertTestB -->
  <testcase name="assertTestC" time="0.0" classname="testng.TestAttributesExample">
    <ignored/>
  </testcase> <!-- assertTestC -->
  <testcase name="assertDivisionTest" time="0.0" classname="testng.CalculatorTestNgTest">
    <ignored/>
  </testcase> <!-- assertDivisionTest -->
  <testcase name="assertSubstractionTest" time="0.0" classname="testng.CalculatorTestNgTest">
    <ignored/>
  </testcase> <!-- assertSubstractionTest -->
  <testcase name="assertStatementDownloadTest" time="0.0" classname="testng.TestAttributesExample">
    <ignored/>
  </testcase> <!-- assertStatementDownloadTest -->
  <testcase name="assertTestD" time="0.0" classname="testng.TestAttributesExample">
    <ignored/>
  </testcase> <!-- assertTestD -->
  <testcase name="assertAdditionTest" time="0.0" classname="testng.CalculatorTestNgTest">
    <ignored/>
  </testcase> <!-- assertAdditionTest -->
  <testcase name="assertTestA" time="0.0" classname="testng.TestAttributesExample">
    <ignored/>
  </testcase> <!-- assertTestA -->
</testsuite> <!-- Groups Example -->
