<?xml version="1.0" encoding="UTF-8"?>
<!-- Generated by org.testng.reporters.JUnitXMLReporter -->
<testsuite hostname="DESKTOP-GDVE49C" ignored="5" name="packageExample" tests="7" failures="2" timestamp="05 Jun 2020 06:35:04 GMT" time="0.122" errors="0">
  <testcase name="assertAdditionTest" time="0.01" classname="testng.CalculatorTestNgTest"/>
  <testcase name="assertDivisionTest" time="0.004" classname="testng.CalculatorTestNgTest">
    <failure type="java.lang.AssertionError" message="Division of two numbers is not correct expected [2] but found [1]">
      <![CDATA[java.lang.AssertionError: Division of two numbers is not correct expected [2] but found [1]
	at testng.CalculatorTestNgTest.assertDivisionTest(CalculatorTestNgTest.java:44)
... Removed 30 stack frames]]>
    </failure>
  </testcase> <!-- assertDivisionTest -->
  <testcase name="assertMultiplicationTest" time="0.01" classname="testng.CalculatorTestNgTest">
    <failure type="java.lang.AssertionError" message="Multiplication of two numbers is not correct expected [20] but found [25]">
      <![CDATA[java.lang.AssertionError: Multiplication of two numbers is not correct expected [20] but found [25]
	at testng.CalculatorTestNgTest.assertMultiplicationTest(CalculatorTestNgTest.java:58)
... Removed 30 stack frames]]>
    </failure>
  </testcase> <!-- assertMultiplicationTest -->
  <testcase name="assertSubstractionTest" time="0.004" classname="testng.CalculatorTestNgTest"/>
  <testcase name="assertStatementDownloadTest" time="0.003" classname="testng.TestAttributesExample"/>
  <testcase name="assertStatementDownloadTest" time="0.005" classname="testng.TestAttributesExample"/>
  <testcase name="assertStatementDownloadTest" time="0.002" classname="testng.TestAttributesExample"/>
  <testcase name="assertTestE" time="0.0" classname="testng.TestAttributesExample">
    <ignored/>
  </testcase> <!-- assertTestE -->
  <testcase name="assertTestB" time="0.0" classname="testng.TestAttributesExample">
    <ignored/>
  </testcase> <!-- assertTestB -->
  <testcase name="assertTestC" time="0.0" classname="testng.TestAttributesExample">
    <ignored/>
  </testcase> <!-- assertTestC -->
  <testcase name="assertTestD" time="0.0" classname="testng.TestAttributesExample">
    <ignored/>
  </testcase> <!-- assertTestD -->
  <testcase name="assertTestA" time="0.0" classname="testng.TestAttributesExample">
    <ignored/>
  </testcase> <!-- assertTestA -->
</testsuite> <!-- packageExample -->
