<?xml version="1.0" encoding="UTF-8"?>
<testng-results skipped="0" failed="1" ignored="0" total="1" passed="0">
  <reporter-output>
  </reporter-output>
  <suite name="Default suite" duration-ms="26457" started-at="2020-06-16T09:51:33Z" finished-at="2020-06-16T09:52:00Z">
    <groups>
    </groups>
    <test name="Default test" duration-ms="26457" started-at="2020-06-16T09:51:33Z" finished-at="2020-06-16T09:52:00Z">
      <class name="amazon_book_search.OrganizedAmazonTest">
        <test-method status="PASS" signature="invokeBrowser()[pri:0, instance:amazon_book_search.OrganizedAmazonTest@3ffc5af1]" name="invokeBrowser" is-config="true" duration-ms="13795" started-at="2020-06-16T09:51:33Z" finished-at="2020-06-16T09:51:47Z">
          <reporter-output>
          </reporter-output>
        </test-method> <!-- invokeBrowser -->
        <test-method status="FAIL" signature="assertBookSearchTest()[pri:0, instance:amazon_book_search.OrganizedAmazonTest@3ffc5af1]" name="assertBookSearchTest" duration-ms="9877" started-at="2020-06-16T09:51:47Z" finished-at="2020-06-16T09:51:57Z">
          <exception class="java.lang.NullPointerException">
            <full-stacktrace>
              <![CDATA[java.lang.NullPointerException
at amazon_book_search.AmazonPage.searchTextBox(AmazonPage.java:17)
at amazon_book_search.AmazonPage.enterTextInSearchBox(AmazonPage.java:30)
at amazon_book_search.OrganizedAmazonTest.assertBookSearchTest(OrganizedAmazonTest.java:23)
at sun.reflect.NativeMethodAccessorImpl.invoke0(Native Method)
at sun.reflect.NativeMethodAccessorImpl.invoke(Unknown Source)
at sun.reflect.DelegatingMethodAccessorImpl.invoke(Unknown Source)
at java.lang.reflect.Method.invoke(Unknown Source)
at org.testng.internal.MethodInvocationHelper.invokeMethod(MethodInvocationHelper.java:124)
at org.testng.internal.Invoker.invokeMethod(Invoker.java:583)
at org.testng.internal.Invoker.invokeTestMethod(Invoker.java:719)
at org.testng.internal.Invoker.invokeTestMethods(Invoker.java:989)
at org.testng.internal.TestMethodWorker.invokeTestMethods(TestMethodWorker.java:125)
at org.testng.internal.TestMethodWorker.run(TestMethodWorker.java:109)
at org.testng.TestRunner.privateRun(TestRunner.java:648)
at org.testng.TestRunner.run(TestRunner.java:505)
at org.testng.SuiteRunner.runTest(SuiteRunner.java:455)
at org.testng.SuiteRunner.runSequentially(SuiteRunner.java:450)
at org.testng.SuiteRunner.privateRun(SuiteRunner.java:415)
at org.testng.SuiteRunner.run(SuiteRunner.java:364)
at org.testng.SuiteRunnerWorker.runSuite(SuiteRunnerWorker.java:52)
at org.testng.SuiteRunnerWorker.run(SuiteRunnerWorker.java:84)
at org.testng.TestNG.runSuitesSequentially(TestNG.java:1208)
at org.testng.TestNG.runSuitesLocally(TestNG.java:1137)
at org.testng.TestNG.runSuites(TestNG.java:1049)
at org.testng.TestNG.run(TestNG.java:1017)
at org.testng.remote.AbstractRemoteTestNG.run(AbstractRemoteTestNG.java:114)
at org.testng.remote.RemoteTestNG.initAndRun(RemoteTestNG.java:251)
at org.testng.remote.RemoteTestNG.main(RemoteTestNG.java:77)
]]>
            </full-stacktrace>
          </exception> <!-- java.lang.NullPointerException -->
          <reporter-output>
          </reporter-output>
        </test-method> <!-- assertBookSearchTest -->
        <test-method status="PASS" signature="quitBrowser()[pri:0, instance:amazon_book_search.OrganizedAmazonTest@3ffc5af1]" name="quitBrowser" is-config="true" duration-ms="2693" started-at="2020-06-16T09:51:57Z" finished-at="2020-06-16T09:52:00Z">
          <reporter-output>
          </reporter-output>
        </test-method> <!-- quitBrowser -->
      </class> <!-- amazon_book_search.OrganizedAmazonTest -->
    </test> <!-- Default test -->
  </suite> <!-- Default suite -->
</testng-results>
