<?xml version="1.0" encoding="UTF-8"?>
<!-- Generated by org.testng.reporters.JUnitXMLReporter -->
<testsuite hostname="DESKTOP-GDVE49C" ignored="5" name="Chrome Test" tests="1" failures="0" timestamp="05 Jun 2020 06:56:17 GMT" time="2.168" errors="0">
  <testcase name="assertParametersTest" time="2.036" classname="testng.TestAttributesExample"/>
  <testcase name="assertTestE" time="0.0" classname="testng.TestAttributesExample">
    <ignored/>
  </testcase> <!-- assertTestE -->
  <testcase name="assertTestB" time="0.0" classname="testng.TestAttributesExample">
    <ignored/>
  </testcase> <!-- assertTestB -->
  <testcase name="assertTestC" time="0.0" classname="testng.TestAttributesExample">
    <ignored/>
  </testcase> <!-- assertTestC -->
  <testcase name="assertTestD" time="0.0" classname="testng.TestAttributesExample">
    <ignored/>
  </testcase> <!-- assertTestD -->
  <testcase name="assertTestA" time="0.0" classname="testng.TestAttributesExample">
    <ignored/>
  </testcase> <!-- assertTestA -->
</testsuite> <!-- Chrome Test -->
